Build started 7/12/2014 2:49:14 PM.
     1>Project "C:\Users\song\documents\visual studio 2012\Projects\ConsoleApplication3\ConsoleApplication3\ConsoleApplication3.vcxproj" on node 2 (Rebuild target(s)).
     1>ClCompile:
         C:\Program Files (x86)\Microsoft Visual Studio 11.0\VC\bin\CL.exe /c /ZI /nologo /W3 /WX- /sdl /Od /Oy- /D WIN32 /D _DEBUG /D _CONSOLE /D _UNICODE /D UNICODE /Gm /EHsc /RTC1 /MDd /GS /fp:precise /Zc:wchar_t /Zc:forScope /Yc"stdafx.h" /Fp"Debug\sali_net.pch" /Fo"Debug\\" /Fd"Debug\vc110.pdb" /Gd /TP /analyze- /errorReport:prompt stdafx.cpp
         stdafx.cpp
         C:\Program Files (x86)\Microsoft Visual Studio 11.0\VC\bin\CL.exe /c /ZI /nologo /W3 /WX- /sdl /Od /Oy- /D WIN32 /D _DEBUG /D _CONSOLE /D _UNICODE /D UNICODE /Gm /EHsc /RTC1 /MDd /GS /fp:precise /Zc:wchar_t /Zc:forScope /Yu"stdafx.h" /Fp"Debug\sali_net.pch" /Fo"Debug\\" /Fd"Debug\vc110.pdb" /Gd /TP /analyze- /errorReport:prompt HDF5_test.cpp net.cpp net_func.cpp op_folder.cpp op_hdf5.cpp op_rand.cpp
         op_rand.cpp
         op_hdf5.cpp
     1>c:\users\song\documents\visual studio 2012\projects\consoleapplication3\consoleapplication3\op_hdf5.h(22): error C2664: 'void op_hdf5::writedata(std::vector<_Ty>,std::string)' : cannot convert parameter 1 from 'data_hdf5<T>' to 'std::vector<_Ty>'
                 with
                 [
                     _Ty=cv::Mat
                 ]
                 and
                 [
                     T=float
                 ]
                 and
                 [
                     _Ty=cv::Mat
                 ]
                 No user-defined-conversion operator available that can perform this conversion, or the operator cannot be called
     1>c:\users\song\documents\visual studio 2012\projects\consoleapplication3\consoleapplication3\op_hdf5.cpp(11): error C3867: 'std::basic_string<_Elem,_Traits,_Alloc>::c_str': function call missing argument list; use '&std::basic_string<_Elem,_Traits,_Alloc>::c_str' to create a pointer to member
                 with
                 [
                     _Elem=char,
                     _Traits=std::char_traits<char>,
                     _Alloc=std::allocator<char>
                 ]
         op_folder.cpp
         net_func.cpp
     1>c:\users\song\documents\visual studio 2012\projects\consoleapplication3\consoleapplication3\op_hdf5.h(22): error C2664: 'void op_hdf5::writedata(std::vector<_Ty>,std::string)' : cannot convert parameter 1 from 'data_hdf5<T>' to 'std::vector<_Ty>'
                 with
                 [
                     _Ty=cv::Mat
                 ]
                 and
                 [
                     T=float
                 ]
                 and
                 [
                     _Ty=cv::Mat
                 ]
                 No user-defined-conversion operator available that can perform this conversion, or the operator cannot be called
     1>c:\users\song\documents\visual studio 2012\projects\consoleapplication3\consoleapplication3\net_func.cpp(159): error C2664: 'void cv::Mat::create(cv::Size,int)' : cannot convert parameter 1 from 'int' to 'cv::Size'
                 No constructor could take the source type, or constructor overload resolution was ambiguous
         net.cpp
         HDF5_test.cpp
     1>c:\program files (x86)\hdf_group\hdf5\1.8.12\include\h5exception.h(87): warning C4251: 'H5::Exception::detail_message' : class 'std::basic_string<_Elem,_Traits,_Alloc>' needs to have dll-interface to be used by clients of class 'H5::Exception'
                 with
                 [
                     _Elem=char,
                     _Traits=std::char_traits<char>,
                     _Alloc=std::allocator<char>
                 ]
     1>c:\program files (x86)\hdf_group\hdf5\1.8.12\include\h5exception.h(88): warning C4251: 'H5::Exception::func_name' : class 'std::basic_string<_Elem,_Traits,_Alloc>' needs to have dll-interface to be used by clients of class 'H5::Exception'
                 with
                 [
                     _Elem=char,
                     _Traits=std::char_traits<char>,
                     _Alloc=std::allocator<char>
                 ]
     1>c:\users\song\documents\visual studio 2012\projects\consoleapplication3\consoleapplication3\hdf5_test.cpp(211): warning C4101: 'data' : unreferenced local variable
         Generating Code...
     1>Done Building Project "C:\Users\song\documents\visual studio 2012\Projects\ConsoleApplication3\ConsoleApplication3\ConsoleApplication3.vcxproj" (Rebuild target(s)) -- FAILED.

Build FAILED.

Time Elapsed 00:00:10.51
